<?xml version="1.0" encoding="UTF-8"?>
<!-- Generated by org.testng.reporters.JUnitReportReporter -->
<testsuite hostname="posto92" name="Tests.AddUserTest" tests="1" failures="0" timestamp="22 Mar 2017 11:50:51 GMT" time="153.639" errors="0">
  <testcase name="VerifyMass" time="153.639" classname="Tests.AddUserTest"/>
</testsuite> <!-- Tests.AddUserTest -->
