<?xml version="1.0" encoding="UTF-8"?>
<!-- Generated by org.testng.reporters.JUnitReportReporter -->
<testsuite hostname="posto92" name="Tests.AddUserTest" tests="1" failures="0" timestamp="21 Mar 2017 17:11:28 GMT" time="38.308" errors="0">
  <testcase name="AddMassUser" time="38.308" classname="Tests.AddUserTest"/>
</testsuite> <!-- Tests.AddUserTest -->
