<?xml version="1.0" encoding="UTF-8"?>
<!-- Generated by org.testng.reporters.JUnitReportReporter -->
<testsuite hostname="posto92" name="Tests.AddUserTest" tests="8" failures="0" timestamp="21 Mar 2017 14:50:59 GMT" time="435.510" errors="0">
  <testcase name="VerifyAddIndividualUser" time="71.449" classname="Tests.AddUserTest"/>
  <testcase name="VerifyMass" time="10.257" classname="Tests.AddUserTest"/>
  <testcase name="VerifyDeletedUser" time="1.410" classname="Tests.AddUserTest"/>
  <testcase name="VerifyModifyUser" time="41.066" classname="Tests.AddUserTest"/>
  <testcase name="AddMassUser" time="27.423" classname="Tests.AddUserTest"/>
  <testcase name="ModifyUser" time="102.680" classname="Tests.AddUserTest"/>
  <testcase name="DeleteUser" time="116.772" classname="Tests.AddUserTest"/>
  <testcase name="AddIndividualUser" time="64.453" classname="Tests.AddUserTest"/>
</testsuite> <!-- Tests.AddUserTest -->
