<?xml version="1.0" encoding="UTF-8"?>
<!-- Generated by org.testng.reporters.JUnitReportReporter -->
<testsuite hostname="posto92" name="Tests.NetWorkTest" tests="8" failures="0" timestamp="21 Mar 2017 13:16:25 GMT" time="1628.149" errors="0">
  <testcase name="VerifyIP" time="3.526" classname="Tests.NetWorkTest"/>
  <testcase name="ChangeDomain" time="505.255" classname="Tests.NetWorkTest"/>
  <testcase name="ChangeGateway" time="178.250" classname="Tests.NetWorkTest"/>
  <testcase name="VerifyGateway" time="0.087" classname="Tests.NetWorkTest"/>
  <testcase name="VerifyALL" time="0.906" classname="Tests.NetWorkTest"/>
  <testcase name="ALL" time="580.630" classname="Tests.NetWorkTest"/>
  <testcase name="VerifyDomain" time="0.866" classname="Tests.NetWorkTest"/>
  <testcase name="ChangeIP" time="358.629" classname="Tests.NetWorkTest"/>
</testsuite> <!-- Tests.NetWorkTest -->
